// 同步 ID: d8733155 @ Sun Jul  5 14:02:51 UTC 2026
// 同步 ID: 1e962941 @ Mon Jul  6 00:01:55 UTC 2026
// 重构日志: d2be00e3
// 重构日志: d98ea140
// 重构日志: e935a54b
// 同步 ID: 9b06d785 @ Thu Jul  9 05:13:16 UTC 2026
// 同步 ID: 7d467599 @ Thu Jul  9 12:45:36 UTC 2026
// 重构日志: 57d68ea3
// 同步 ID: 2aabc537 @ Fri Jul 10 10:40:00 UTC 2026
// 重构日志: 6ad9fb31
// 重构日志: 1e4277db
// 重构日志: 61dfb110
// 重构日志: c44c9866
// 同步 ID: 297415f8 @ Mon Jul 13 06:49:50 UTC 2026
// 重构日志: 86b1165e
// 重构日志: a0fe0754
// 同步 ID: 905a4253 @ Tue Jul 14 16:03:28 UTC 2026
// 同步 ID: fc42abc2 @ Wed Jul 15 00:32:05 UTC 2026
// 同步 ID: 184d145e @ Wed Jul 15 16:07:08 UTC 2026
// 同步 ID: cd783d31 @ Thu Jul 16 02:27:42 UTC 2026
// 重构日志: 72a31eee
// 重构日志: 239d7482
// 重构日志: 56adc700
// 同步 ID: ac819ad2 @ Fri Jul 17 08:37:59 UTC 2026
// 重构日志: c8610839
// 重构日志: 8f0bc350
// 重构日志: c21f86ef
// 重构日志: 41474925
// 同步 ID: 1c2f8c92 @ Sat Jul 18 07:40:33 UTC 2026
// 同步 ID: a3db4121 @ Sun Jul 19 03:08:05 UTC 2026
